0 info it worked if it ends with ok
1 verbose cli [ 'C:\\Program Files\\nodejs\\node.exe',
1 verbose cli   'C:\\Program Files\\nodejs\\node_modules\\npm\\bin\\npm-cli.js',
1 verbose cli   'run',
1 verbose cli   'ngrok' ]
2 info using npm@3.10.10
3 info using node@v6.9.5
4 verbose run-script [ 'prengrok', 'ngrok', 'postngrok' ]
5 info lifecycle ServerSidedFunda@1.0.0~prengrok: ServerSidedFunda@1.0.0
6 silly lifecycle ServerSidedFunda@1.0.0~prengrok: no script for prengrok, continuing
7 info lifecycle ServerSidedFunda@1.0.0~ngrok: ServerSidedFunda@1.0.0
8 verbose lifecycle ServerSidedFunda@1.0.0~ngrok: unsafe-perm in lifecycle true
9 verbose lifecycle ServerSidedFunda@1.0.0~ngrok: PATH: C:\Program Files\nodejs\node_modules\npm\bin\node-gyp-bin;C:\Users\shyan\Documents\Jaar 3\Minor\Module2\Browser Technologies\final-exersize\node_modules\.bin;C:\Program Files (x86)\Intel\iCLS Client\;C:\Program Files\Intel\iCLS Client\;C:\WINDOWS\system32;C:\WINDOWS;C:\WINDOWS\System32\Wbem;C:\WINDOWS\System32\WindowsPowerShell\v1.0\;C:\Program Files (x86)\Intel\Intel(R) Management Engine Components\DAL;C:\Program Files\Intel\Intel(R) Management Engine Components\DAL;C:\Program Files (x86)\Intel\Intel(R) Management Engine Components\IPT;C:\Program Files\Intel\Intel(R) Management Engine Components\IPT;C:\Program Files\Git\cmd;C:\Program Files\nodejs\;C:\Program Files\Sublime Text 3\;C:\Users\shyan\AppData\Local\Microsoft\WindowsApps;C:\Users\shyan\AppData\Roaming\npm;C:\Users\shyan\AppData\Local\atom\bin;C:\Users\shyan\AppData\Local\.meteor\
10 verbose lifecycle ServerSidedFunda@1.0.0~ngrok: CWD: C:\Users\shyan\Documents\Jaar 3\Minor\Module2\Browser Technologies\final-exersize
11 silly lifecycle ServerSidedFunda@1.0.0~ngrok: Args: [ '/d /s /c', 'ngrok http 8000' ]
12 silly lifecycle ServerSidedFunda@1.0.0~ngrok: Returned: code: 3221225786  signal: null
13 info lifecycle ServerSidedFunda@1.0.0~ngrok: Failed to exec ngrok script
14 verbose stack Error: ServerSidedFunda@1.0.0 ngrok: `ngrok http 8000`
14 verbose stack Exit status 3221225786
14 verbose stack     at EventEmitter.<anonymous> (C:\Program Files\nodejs\node_modules\npm\lib\utils\lifecycle.js:255:16)
14 verbose stack     at emitTwo (events.js:106:13)
14 verbose stack     at EventEmitter.emit (events.js:191:7)
14 verbose stack     at ChildProcess.<anonymous> (C:\Program Files\nodejs\node_modules\npm\lib\utils\spawn.js:40:14)
14 verbose stack     at emitTwo (events.js:106:13)
14 verbose stack     at ChildProcess.emit (events.js:191:7)
14 verbose stack     at maybeClose (internal/child_process.js:877:16)
14 verbose stack     at Process.ChildProcess._handle.onexit (internal/child_process.js:226:5)
15 verbose pkgid ServerSidedFunda@1.0.0
16 verbose cwd C:\Users\shyan\Documents\Jaar 3\Minor\Module2\Browser Technologies\final-exersize
17 error Windows_NT 10.0.14393
18 error argv "C:\\Program Files\\nodejs\\node.exe" "C:\\Program Files\\nodejs\\node_modules\\npm\\bin\\npm-cli.js" "run" "ngrok"
19 error node v6.9.5
20 error npm  v3.10.10
21 error code ELIFECYCLE
22 error ServerSidedFunda@1.0.0 ngrok: `ngrok http 8000`
22 error Exit status 3221225786
23 error Failed at the ServerSidedFunda@1.0.0 ngrok script 'ngrok http 8000'.
23 error Make sure you have the latest version of node.js and npm installed.
23 error If you do, this is most likely a problem with the ServerSidedFunda package,
23 error not with npm itself.
23 error Tell the author that this fails on your system:
23 error     ngrok http 8000
23 error You can get information on how to open an issue for this project with:
23 error     npm bugs ServerSidedFunda
23 error Or if that isn't available, you can get their info via:
23 error     npm owner ls ServerSidedFunda
23 error There is likely additional logging output above.
24 verbose exit [ 1, true ]
